<?xml version="1.0" encoding="UTF-8"?>
<!-- Generated by org.testng.reporters.JUnitXMLReporter -->
<testsuite ignored="0" hostname="LAPTOP-DSBTRNM3" failures="0" tests="3" name="Default test" time="3.818" errors="0" timestamp="2025-05-06T14:51:24 IST">
  <testcase classname="Automation.RestAssuredPractice.LibraryAPI" name="addABook" time="2.817"/>
  <testcase classname="Automation.RestAssuredPractice.LibraryAPI" name="addABook" time="0.49"/>
  <testcase classname="Automation.RestAssuredPractice.LibraryAPI" name="addABook" time="0.422"/>
</testsuite> <!-- Default test -->
