<?xml version="1.0" encoding="UTF-8"?>
<testng-results ignored="0" total="3" passed="3" failed="0" skipped="0">
  <reporter-output>
  </reporter-output>
  <suite started-at="2025-05-06T14:51:20 IST" name="Default suite" finished-at="2025-05-06T14:51:24 IST" duration-ms="3818">
    <groups>
    </groups>
    <test started-at="2025-05-06T14:51:20 IST" name="Default test" finished-at="2025-05-06T14:51:24 IST" duration-ms="3818">
      <class name="Automation.RestAssuredPractice.LibraryAPI">
        <test-method signature="addABook(java.lang.String,java.lang.String)[pri:0, instance:Automation.RestAssuredPractice.LibraryAPI@3e694b3f]" started-at="2025-05-06T14:51:20 IST" name="addABook" data-provider="getData" finished-at="2025-05-06T14:51:23 IST" duration-ms="2817" status="PASS">
          <params>
            <param index="0">
              <value>
                <![CDATA[ABahamutCastle]]>
              </value>
            </param>
            <param index="1">
              <value>
                <![CDATA[3272]]>
              </value>
            </param>
          </params>
          <reporter-output>
          </reporter-output>
        </test-method> <!-- addABook -->
        <test-method signature="addABook(java.lang.String,java.lang.String)[pri:0, instance:Automation.RestAssuredPractice.LibraryAPI@3e694b3f]" started-at="2025-05-06T14:51:23 IST" name="addABook" data-provider="getData" finished-at="2025-05-06T14:51:23 IST" duration-ms="490" status="PASS">
          <params>
            <param index="0">
              <value>
                <![CDATA[ArizonasArmfight]]>
              </value>
            </param>
            <param index="1">
              <value>
                <![CDATA[33]]>
              </value>
            </param>
          </params>
          <reporter-output>
          </reporter-output>
        </test-method> <!-- addABook -->
        <test-method signature="addABook(java.lang.String,java.lang.String)[pri:0, instance:Automation.RestAssuredPractice.LibraryAPI@3e694b3f]" started-at="2025-05-06T14:51:23 IST" name="addABook" data-provider="getData" finished-at="2025-05-06T14:51:24 IST" duration-ms="422" status="PASS">
          <params>
            <param index="0">
              <value>
                <![CDATA[OswaldsFued]]>
              </value>
            </param>
            <param index="1">
              <value>
                <![CDATA[111]]>
              </value>
            </param>
          </params>
          <reporter-output>
          </reporter-output>
        </test-method> <!-- addABook -->
      </class> <!-- Automation.RestAssuredPractice.LibraryAPI -->
    </test> <!-- Default test -->
  </suite> <!-- Default suite -->
</testng-results>
